running develop
running egg_info
creating yolov8.egg-info
writing yolov8.egg-info/PKG-INFO
writing dependency_links to yolov8.egg-info/dependency_links.txt
writing entry points to yolov8.egg-info/entry_points.txt
writing requirements to yolov8.egg-info/requires.txt
writing top-level names to yolov8.egg-info/top_level.txt
writing manifest file 'yolov8.egg-info/SOURCES.txt'
reading manifest file 'yolov8.egg-info/SOURCES.txt'
writing manifest file 'yolov8.egg-info/SOURCES.txt'
running build_ext
Creating /home/jetson/ros2_ws/install/yolov8/lib/python3.8/site-packages/yolov8.egg-link (link to .)
Installing detection script to /home/jetson/ros2_ws/install/yolov8/lib/yolov8

Installed /home/jetson/ros2_ws/build/yolov8
running symlink_data
creating /home/jetson/ros2_ws/install/yolov8/share/ament_index
creating /home/jetson/ros2_ws/install/yolov8/share/ament_index/resource_index
creating /home/jetson/ros2_ws/install/yolov8/share/ament_index/resource_index/packages
symbolically linking /home/jetson/ros2_ws/build/yolov8/resource/yolov8 -> /home/jetson/ros2_ws/install/yolov8/share/ament_index/resource_index/packages
symbolically linking /home/jetson/ros2_ws/build/yolov8/package.xml -> /home/jetson/ros2_ws/install/yolov8/share/yolov8
