[4.341s] Invoking command in '/home/jetson/ros2_ws/build/serial_communication': PYTHONPATH=/home/jetson/ros2_ws/build/serial_communication/prefix_override:/home/jetson/ros2_ws/install/serial_communication/lib/python3.8/site-packages:${PYTHONPATH} /usr/bin/python3 -W ignore:setup.py install is deprecated setup.py develop --editable --build-directory /home/jetson/ros2_ws/build/serial_communication/build --no-deps symlink_data
[5.703s] running develop
[6.452s] running egg_info
[6.453s] creating serial_communication.egg-info
[6.454s] writing serial_communication.egg-info/PKG-INFO
[6.454s] writing dependency_links to serial_communication.egg-info/dependency_links.txt
[6.455s] writing entry points to serial_communication.egg-info/entry_points.txt
[6.455s] writing requirements to serial_communication.egg-info/requires.txt
[6.456s] writing top-level names to serial_communication.egg-info/top_level.txt
[6.460s] writing manifest file 'serial_communication.egg-info/SOURCES.txt'
[6.466s] reading manifest file 'serial_communication.egg-info/SOURCES.txt'
[6.469s] writing manifest file 'serial_communication.egg-info/SOURCES.txt'
[6.625s] running build_ext
[6.626s] Creating /home/jetson/ros2_ws/install/serial_communication/lib/python3.8/site-packages/serial-communication.egg-link (link to .)
[6.629s] Installing send script to /home/jetson/ros2_ws/install/serial_communication/lib/serial_communication
[6.630s] 
[6.630s] Installed /home/jetson/ros2_ws/build/serial_communication
[6.631s] running symlink_data
[6.631s] creating /home/jetson/ros2_ws/install/serial_communication/share/ament_index
[6.632s] creating /home/jetson/ros2_ws/install/serial_communication/share/ament_index/resource_index
[6.633s] creating /home/jetson/ros2_ws/install/serial_communication/share/ament_index/resource_index/packages
[6.633s] symbolically linking /home/jetson/ros2_ws/build/serial_communication/resource/serial_communication -> /home/jetson/ros2_ws/install/serial_communication/share/ament_index/resource_index/packages
[6.634s] symbolically linking /home/jetson/ros2_ws/build/serial_communication/package.xml -> /home/jetson/ros2_ws/install/serial_communication/share/serial_communication
[6.770s] Invoked command in '/home/jetson/ros2_ws/build/serial_communication' returned '0': PYTHONPATH=/home/jetson/ros2_ws/build/serial_communication/prefix_override:/home/jetson/ros2_ws/install/serial_communication/lib/python3.8/site-packages:${PYTHONPATH} /usr/bin/python3 -W ignore:setup.py install is deprecated setup.py develop --editable --build-directory /home/jetson/ros2_ws/build/serial_communication/build --no-deps symlink_data
