[0.908s] DEBUG:colcon:Command line arguments: ['/usr/bin/colcon', 'build', '--symlink-install']
[0.908s] DEBUG:colcon:Parsed command line arguments: Namespace(allow_overriding=[], ament_cmake_args=None, base_paths=['.'], build_base='build', catkin_cmake_args=None, catkin_skip_building_tests=False, cmake_args=None, cmake_clean_cache=False, cmake_clean_first=False, cmake_force_configure=False, cmake_target=None, cmake_target_skip_unavailable=False, continue_on_error=False, event_handlers=None, executor='parallel', ignore_user_meta=False, install_base='install', log_base=None, log_level=None, main=<bound method BuildVerb.main of <colcon_core.verb.build.BuildVerb object at 0x7f90036df0>>, merge_install=False, metas=['./colcon.meta'], packages_above=None, packages_above_and_dependencies=None, packages_above_depth=None, packages_end=None, packages_ignore=None, packages_ignore_regex=None, packages_select=None, packages_select_build_failed=False, packages_select_by_dep=None, packages_select_regex=None, packages_select_test_failures=False, packages_skip=None, packages_skip_build_finished=False, packages_skip_by_dep=None, packages_skip_regex=None, packages_skip_test_passed=False, packages_skip_up_to=None, packages_start=None, packages_up_to=None, packages_up_to_regex=None, parallel_workers=4, paths=None, symlink_install=True, test_result_base=None, verb_extension=<colcon_core.verb.build.BuildVerb object at 0x7f90036df0>, verb_name='build', verb_parser=<colcon_defaults.argument_parser.defaults.DefaultArgumentsDecorator object at 0x7f8ff24970>)
[1.863s] Level 1:colcon.colcon_core.package_discovery:discover_packages(colcon_meta) check parameters
[1.863s] Level 1:colcon.colcon_core.package_discovery:discover_packages(recursive) check parameters
[1.864s] Level 1:colcon.colcon_core.package_discovery:discover_packages(ignore) check parameters
[1.864s] Level 1:colcon.colcon_core.package_discovery:discover_packages(path) check parameters
[1.864s] Level 1:colcon.colcon_core.package_discovery:discover_packages(colcon_meta) discover
[1.864s] Level 1:colcon.colcon_core.package_discovery:discover_packages(recursive) discover
[1.864s] INFO:colcon.colcon_core.package_discovery:Crawling recursively for packages in '/home/jetson/ros2_ws'
[1.865s] Level 1:colcon.colcon_core.package_identification:_identify(.) by extensions ['ignore', 'ignore_ament_install']
[1.865s] Level 1:colcon.colcon_core.package_identification:_identify(.) by extension 'ignore'
[1.865s] Level 1:colcon.colcon_core.package_identification:_identify(.) by extension 'ignore_ament_install'
[1.865s] Level 1:colcon.colcon_core.package_identification:_identify(.) by extensions ['colcon_pkg']
[1.866s] Level 1:colcon.colcon_core.package_identification:_identify(.) by extension 'colcon_pkg'
[1.866s] Level 1:colcon.colcon_core.package_identification:_identify(.) by extensions ['colcon_meta']
[1.866s] Level 1:colcon.colcon_core.package_identification:_identify(.) by extension 'colcon_meta'
[1.866s] Level 1:colcon.colcon_core.package_identification:_identify(.) by extensions ['ros']
[1.866s] Level 1:colcon.colcon_core.package_identification:_identify(.) by extension 'ros'
[1.949s] Level 1:colcon.colcon_core.package_identification:_identify(.) by extensions ['cmake', 'python']
[1.949s] Level 1:colcon.colcon_core.package_identification:_identify(.) by extension 'cmake'
[1.950s] Level 1:colcon.colcon_core.package_identification:_identify(.) by extension 'python'
[1.950s] Level 1:colcon.colcon_core.package_identification:_identify(.) by extensions ['python_setup_py']
[1.950s] Level 1:colcon.colcon_core.package_identification:_identify(.) by extension 'python_setup_py'
[1.950s] Level 1:colcon.colcon_core.package_identification:_identify(build) by extensions ['ignore', 'ignore_ament_install']
[1.951s] Level 1:colcon.colcon_core.package_identification:_identify(build) by extension 'ignore'
[1.951s] Level 1:colcon.colcon_core.package_identification:_identify(build) ignored
[1.951s] Level 1:colcon.colcon_core.package_identification:_identify(install) by extensions ['ignore', 'ignore_ament_install']
[1.952s] Level 1:colcon.colcon_core.package_identification:_identify(install) by extension 'ignore'
[1.952s] Level 1:colcon.colcon_core.package_identification:_identify(install) ignored
[1.952s] Level 1:colcon.colcon_core.package_identification:_identify(log) by extensions ['ignore', 'ignore_ament_install']
[1.953s] Level 1:colcon.colcon_core.package_identification:_identify(log) by extension 'ignore'
[1.953s] Level 1:colcon.colcon_core.package_identification:_identify(log) ignored
[1.953s] Level 1:colcon.colcon_core.package_identification:_identify(src) by extensions ['ignore', 'ignore_ament_install']
[1.953s] Level 1:colcon.colcon_core.package_identification:_identify(src) by extension 'ignore'
[1.954s] Level 1:colcon.colcon_core.package_identification:_identify(src) by extension 'ignore_ament_install'
[1.954s] Level 1:colcon.colcon_core.package_identification:_identify(src) by extensions ['colcon_pkg']
[1.954s] Level 1:colcon.colcon_core.package_identification:_identify(src) by extension 'colcon_pkg'
[1.954s] Level 1:colcon.colcon_core.package_identification:_identify(src) by extensions ['colcon_meta']
[1.954s] Level 1:colcon.colcon_core.package_identification:_identify(src) by extension 'colcon_meta'
[1.955s] Level 1:colcon.colcon_core.package_identification:_identify(src) by extensions ['ros']
[1.955s] Level 1:colcon.colcon_core.package_identification:_identify(src) by extension 'ros'
[1.955s] Level 1:colcon.colcon_core.package_identification:_identify(src) by extensions ['cmake', 'python']
[1.955s] Level 1:colcon.colcon_core.package_identification:_identify(src) by extension 'cmake'
[1.955s] Level 1:colcon.colcon_core.package_identification:_identify(src) by extension 'python'
[1.956s] Level 1:colcon.colcon_core.package_identification:_identify(src) by extensions ['python_setup_py']
[1.956s] Level 1:colcon.colcon_core.package_identification:_identify(src) by extension 'python_setup_py'
[1.956s] Level 1:colcon.colcon_core.package_identification:_identify(src/main_gui) by extensions ['ignore', 'ignore_ament_install']
[1.956s] Level 1:colcon.colcon_core.package_identification:_identify(src/main_gui) by extension 'ignore'
[1.957s] Level 1:colcon.colcon_core.package_identification:_identify(src/main_gui) by extension 'ignore_ament_install'
[1.957s] Level 1:colcon.colcon_core.package_identification:_identify(src/main_gui) by extensions ['colcon_pkg']
[1.957s] Level 1:colcon.colcon_core.package_identification:_identify(src/main_gui) by extension 'colcon_pkg'
[1.957s] Level 1:colcon.colcon_core.package_identification:_identify(src/main_gui) by extensions ['colcon_meta']
[1.957s] Level 1:colcon.colcon_core.package_identification:_identify(src/main_gui) by extension 'colcon_meta'
[1.957s] Level 1:colcon.colcon_core.package_identification:_identify(src/main_gui) by extensions ['ros']
[1.958s] Level 1:colcon.colcon_core.package_identification:_identify(src/main_gui) by extension 'ros'
[1.968s] DEBUG:colcon.colcon_core.package_identification:Package 'src/main_gui' with type 'ros.ament_python' and name 'main_gui'
[1.968s] Level 1:colcon.colcon_core.package_identification:_identify(src/serial_communication) by extensions ['ignore', 'ignore_ament_install']
[1.969s] Level 1:colcon.colcon_core.package_identification:_identify(src/serial_communication) by extension 'ignore'
[1.969s] Level 1:colcon.colcon_core.package_identification:_identify(src/serial_communication) by extension 'ignore_ament_install'
[1.969s] Level 1:colcon.colcon_core.package_identification:_identify(src/serial_communication) by extensions ['colcon_pkg']
[1.969s] Level 1:colcon.colcon_core.package_identification:_identify(src/serial_communication) by extension 'colcon_pkg'
[1.969s] Level 1:colcon.colcon_core.package_identification:_identify(src/serial_communication) by extensions ['colcon_meta']
[1.969s] Level 1:colcon.colcon_core.package_identification:_identify(src/serial_communication) by extension 'colcon_meta'
[1.970s] Level 1:colcon.colcon_core.package_identification:_identify(src/serial_communication) by extensions ['ros']
[1.970s] Level 1:colcon.colcon_core.package_identification:_identify(src/serial_communication) by extension 'ros'
[1.972s] DEBUG:colcon.colcon_core.package_identification:Package 'src/serial_communication' with type 'ros.ament_python' and name 'serial_communication'
[1.973s] Level 1:colcon.colcon_core.package_identification:_identify(src/yolov8) by extensions ['ignore', 'ignore_ament_install']
[1.973s] Level 1:colcon.colcon_core.package_identification:_identify(src/yolov8) by extension 'ignore'
[1.973s] Level 1:colcon.colcon_core.package_identification:_identify(src/yolov8) by extension 'ignore_ament_install'
[1.974s] Level 1:colcon.colcon_core.package_identification:_identify(src/yolov8) by extensions ['colcon_pkg']
[1.974s] Level 1:colcon.colcon_core.package_identification:_identify(src/yolov8) by extension 'colcon_pkg'
[1.974s] Level 1:colcon.colcon_core.package_identification:_identify(src/yolov8) by extensions ['colcon_meta']
[1.974s] Level 1:colcon.colcon_core.package_identification:_identify(src/yolov8) by extension 'colcon_meta'
[1.974s] Level 1:colcon.colcon_core.package_identification:_identify(src/yolov8) by extensions ['ros']
[1.974s] Level 1:colcon.colcon_core.package_identification:_identify(src/yolov8) by extension 'ros'
[1.978s] DEBUG:colcon.colcon_core.package_identification:Package 'src/yolov8' with type 'ros.ament_python' and name 'yolov8'
[1.978s] Level 1:colcon.colcon_core.package_discovery:discover_packages(recursive) using defaults
[1.979s] Level 1:colcon.colcon_core.package_discovery:discover_packages(ignore) discover
[1.979s] Level 1:colcon.colcon_core.package_discovery:discover_packages(ignore) using defaults
[1.979s] Level 1:colcon.colcon_core.package_discovery:discover_packages(path) discover
[1.979s] Level 1:colcon.colcon_core.package_discovery:discover_packages(path) using defaults
[2.056s] Level 1:colcon.colcon_core.package_discovery:discover_packages(prefix_path) check parameters
[2.056s] Level 1:colcon.colcon_core.package_discovery:discover_packages(prefix_path) discover
[2.060s] WARNING:colcon.colcon_ros.prefix_path.ament:The path '/home/jetson/ros2_ws/install/serial' in the environment variable AMENT_PREFIX_PATH doesn't exist
[2.063s] DEBUG:colcon.colcon_installed_package_information.package_discovery:Found 2 installed packages in /home/jetson/ros2_ws/install
[2.070s] DEBUG:colcon.colcon_installed_package_information.package_discovery:Found 263 installed packages in /opt/ros/foxy
[2.081s] Level 1:colcon.colcon_core.package_discovery:discover_packages(prefix_path) using defaults
[2.366s] Level 5:colcon.colcon_core.verb:set package 'main_gui' build argument 'cmake_args' from command line to 'None'
[2.366s] Level 5:colcon.colcon_core.verb:set package 'main_gui' build argument 'cmake_target' from command line to 'None'
[2.366s] Level 5:colcon.colcon_core.verb:set package 'main_gui' build argument 'cmake_target_skip_unavailable' from command line to 'False'
[2.367s] Level 5:colcon.colcon_core.verb:set package 'main_gui' build argument 'cmake_clean_cache' from command line to 'False'
[2.367s] Level 5:colcon.colcon_core.verb:set package 'main_gui' build argument 'cmake_clean_first' from command line to 'False'
[2.367s] Level 5:colcon.colcon_core.verb:set package 'main_gui' build argument 'cmake_force_configure' from command line to 'False'
[2.367s] Level 5:colcon.colcon_core.verb:set package 'main_gui' build argument 'ament_cmake_args' from command line to 'None'
[2.367s] Level 5:colcon.colcon_core.verb:set package 'main_gui' build argument 'catkin_cmake_args' from command line to 'None'
[2.367s] Level 5:colcon.colcon_core.verb:set package 'main_gui' build argument 'catkin_skip_building_tests' from command line to 'False'
[2.367s] DEBUG:colcon.colcon_core.verb:Building package 'main_gui' with the following arguments: {'ament_cmake_args': None, 'build_base': '/home/jetson/ros2_ws/build/main_gui', 'catkin_cmake_args': None, 'catkin_skip_building_tests': False, 'cmake_args': None, 'cmake_clean_cache': False, 'cmake_clean_first': False, 'cmake_force_configure': False, 'cmake_target': None, 'cmake_target_skip_unavailable': False, 'install_base': '/home/jetson/ros2_ws/install/main_gui', 'merge_install': False, 'path': '/home/jetson/ros2_ws/src/main_gui', 'symlink_install': True, 'test_result_base': None}
[2.369s] Level 5:colcon.colcon_core.verb:set package 'serial_communication' build argument 'cmake_args' from command line to 'None'
[2.370s] Level 5:colcon.colcon_core.verb:set package 'serial_communication' build argument 'cmake_target' from command line to 'None'
[2.370s] Level 5:colcon.colcon_core.verb:set package 'serial_communication' build argument 'cmake_target_skip_unavailable' from command line to 'False'
[2.370s] Level 5:colcon.colcon_core.verb:set package 'serial_communication' build argument 'cmake_clean_cache' from command line to 'False'
[2.370s] Level 5:colcon.colcon_core.verb:set package 'serial_communication' build argument 'cmake_clean_first' from command line to 'False'
[2.370s] Level 5:colcon.colcon_core.verb:set package 'serial_communication' build argument 'cmake_force_configure' from command line to 'False'
[2.370s] Level 5:colcon.colcon_core.verb:set package 'serial_communication' build argument 'ament_cmake_args' from command line to 'None'
[2.370s] Level 5:colcon.colcon_core.verb:set package 'serial_communication' build argument 'catkin_cmake_args' from command line to 'None'
[2.370s] Level 5:colcon.colcon_core.verb:set package 'serial_communication' build argument 'catkin_skip_building_tests' from command line to 'False'
[2.370s] DEBUG:colcon.colcon_core.verb:Building package 'serial_communication' with the following arguments: {'ament_cmake_args': None, 'build_base': '/home/jetson/ros2_ws/build/serial_communication', 'catkin_cmake_args': None, 'catkin_skip_building_tests': False, 'cmake_args': None, 'cmake_clean_cache': False, 'cmake_clean_first': False, 'cmake_force_configure': False, 'cmake_target': None, 'cmake_target_skip_unavailable': False, 'install_base': '/home/jetson/ros2_ws/install/serial_communication', 'merge_install': False, 'path': '/home/jetson/ros2_ws/src/serial_communication', 'symlink_install': True, 'test_result_base': None}
[2.372s] Level 5:colcon.colcon_core.verb:set package 'yolov8' build argument 'cmake_args' from command line to 'None'
[2.372s] Level 5:colcon.colcon_core.verb:set package 'yolov8' build argument 'cmake_target' from command line to 'None'
[2.372s] Level 5:colcon.colcon_core.verb:set package 'yolov8' build argument 'cmake_target_skip_unavailable' from command line to 'False'
[2.373s] Level 5:colcon.colcon_core.verb:set package 'yolov8' build argument 'cmake_clean_cache' from command line to 'False'
[2.373s] Level 5:colcon.colcon_core.verb:set package 'yolov8' build argument 'cmake_clean_first' from command line to 'False'
[2.373s] Level 5:colcon.colcon_core.verb:set package 'yolov8' build argument 'cmake_force_configure' from command line to 'False'
[2.373s] Level 5:colcon.colcon_core.verb:set package 'yolov8' build argument 'ament_cmake_args' from command line to 'None'
[2.373s] Level 5:colcon.colcon_core.verb:set package 'yolov8' build argument 'catkin_cmake_args' from command line to 'None'
[2.373s] Level 5:colcon.colcon_core.verb:set package 'yolov8' build argument 'catkin_skip_building_tests' from command line to 'False'
[2.373s] DEBUG:colcon.colcon_core.verb:Building package 'yolov8' with the following arguments: {'ament_cmake_args': None, 'build_base': '/home/jetson/ros2_ws/build/yolov8', 'catkin_cmake_args': None, 'catkin_skip_building_tests': False, 'cmake_args': None, 'cmake_clean_cache': False, 'cmake_clean_first': False, 'cmake_force_configure': False, 'cmake_target': None, 'cmake_target_skip_unavailable': False, 'install_base': '/home/jetson/ros2_ws/install/yolov8', 'merge_install': False, 'path': '/home/jetson/ros2_ws/src/yolov8', 'symlink_install': True, 'test_result_base': None}
[2.374s] INFO:colcon.colcon_core.executor:Executing jobs using 'parallel' executor
[2.377s] DEBUG:colcon.colcon_parallel_executor.executor.parallel:run_until_complete
[2.378s] INFO:colcon.colcon_ros.task.ament_python.build:Building ROS package in '/home/jetson/ros2_ws/src/main_gui' with build type 'ament_python'
[2.378s] Level 1:colcon.colcon_core.shell:create_environment_hook('main_gui', 'ament_prefix_path')
[2.387s] INFO:colcon.colcon_core.plugin_system:Skipping extension 'colcon_core.shell.bat': Not used on non-Windows systems
[2.388s] INFO:colcon.colcon_core.shell:Creating environment hook '/home/jetson/ros2_ws/install/main_gui/share/main_gui/hook/ament_prefix_path.ps1'
[2.390s] INFO:colcon.colcon_core.shell:Creating environment descriptor '/home/jetson/ros2_ws/install/main_gui/share/main_gui/hook/ament_prefix_path.dsv'
[2.391s] INFO:colcon.colcon_core.shell:Creating environment hook '/home/jetson/ros2_ws/install/main_gui/share/main_gui/hook/ament_prefix_path.sh'
[2.395s] INFO:colcon.colcon_core.shell:Skip shell extension 'powershell' for command environment: Not usable outside of PowerShell
[2.395s] DEBUG:colcon.colcon_core.shell:Skip shell extension 'dsv' for command environment
[2.412s] INFO:colcon.colcon_ros.task.ament_python.build:Building ROS package in '/home/jetson/ros2_ws/src/serial_communication' with build type 'ament_python'
[2.413s] Level 1:colcon.colcon_core.shell:create_environment_hook('serial_communication', 'ament_prefix_path')
[2.414s] INFO:colcon.colcon_core.shell:Creating environment hook '/home/jetson/ros2_ws/install/serial_communication/share/serial_communication/hook/ament_prefix_path.ps1'
[2.417s] INFO:colcon.colcon_core.shell:Creating environment descriptor '/home/jetson/ros2_ws/install/serial_communication/share/serial_communication/hook/ament_prefix_path.dsv'
[2.418s] INFO:colcon.colcon_core.shell:Creating environment hook '/home/jetson/ros2_ws/install/serial_communication/share/serial_communication/hook/ament_prefix_path.sh'
[2.420s] INFO:colcon.colcon_core.shell:Skip shell extension 'powershell' for command environment: Not usable outside of PowerShell
[2.421s] DEBUG:colcon.colcon_core.shell:Skip shell extension 'dsv' for command environment
[2.437s] INFO:colcon.colcon_ros.task.ament_python.build:Building ROS package in '/home/jetson/ros2_ws/src/yolov8' with build type 'ament_python'
[2.438s] Level 1:colcon.colcon_core.shell:create_environment_hook('yolov8', 'ament_prefix_path')
[2.440s] INFO:colcon.colcon_core.shell:Creating environment hook '/home/jetson/ros2_ws/install/yolov8/share/yolov8/hook/ament_prefix_path.ps1'
[2.442s] INFO:colcon.colcon_core.shell:Creating environment descriptor '/home/jetson/ros2_ws/install/yolov8/share/yolov8/hook/ament_prefix_path.dsv'
[2.443s] INFO:colcon.colcon_core.shell:Creating environment hook '/home/jetson/ros2_ws/install/yolov8/share/yolov8/hook/ament_prefix_path.sh'
[2.445s] INFO:colcon.colcon_core.shell:Skip shell extension 'powershell' for command environment: Not usable outside of PowerShell
[2.445s] DEBUG:colcon.colcon_core.shell:Skip shell extension 'dsv' for command environment
[3.688s] INFO:colcon.colcon_core.task.python.build:Building Python package in '/home/jetson/ros2_ws/src/main_gui'
[3.690s] INFO:colcon.colcon_core.shell:Skip shell extension 'powershell' for command environment: Not usable outside of PowerShell
[3.690s] DEBUG:colcon.colcon_core.shell:Skip shell extension 'dsv' for command environment
[4.935s] INFO:colcon.colcon_core.task.python.build:Building Python package in '/home/jetson/ros2_ws/src/serial_communication'
[4.937s] INFO:colcon.colcon_core.shell:Skip shell extension 'powershell' for command environment: Not usable outside of PowerShell
[4.937s] DEBUG:colcon.colcon_core.shell:Skip shell extension 'dsv' for command environment
[6.188s] INFO:colcon.colcon_core.task.python.build:Building Python package in '/home/jetson/ros2_ws/src/yolov8'
[6.189s] INFO:colcon.colcon_core.shell:Skip shell extension 'powershell' for command environment: Not usable outside of PowerShell
[6.189s] DEBUG:colcon.colcon_core.shell:Skip shell extension 'dsv' for command environment
[8.130s] DEBUG:colcon.colcon_core.event_handler.log_command:Invoking command in '/home/jetson/ros2_ws/build/main_gui': PYTHONPATH=/home/jetson/ros2_ws/build/main_gui/prefix_override:/home/jetson/ros2_ws/install/main_gui/lib/python3.8/site-packages:${PYTHONPATH} /usr/bin/python3 -W ignore:setup.py install is deprecated setup.py develop --editable --build-directory /home/jetson/ros2_ws/build/main_gui/build --no-deps symlink_data
[8.155s] DEBUG:colcon.colcon_core.event_handler.log_command:Invoking command in '/home/jetson/ros2_ws/build/serial_communication': PYTHONPATH=/home/jetson/ros2_ws/build/serial_communication/prefix_override:/home/jetson/ros2_ws/install/serial_communication/lib/python3.8/site-packages:${PYTHONPATH} /usr/bin/python3 -W ignore:setup.py install is deprecated setup.py develop --editable --build-directory /home/jetson/ros2_ws/build/serial_communication/build --no-deps symlink_data
[8.163s] DEBUG:colcon.colcon_core.event_handler.log_command:Invoking command in '/home/jetson/ros2_ws/build/yolov8': PYTHONPATH=/home/jetson/ros2_ws/build/yolov8/prefix_override:/home/jetson/ros2_ws/install/yolov8/lib/python3.8/site-packages:${PYTHONPATH} /usr/bin/python3 -W ignore:setup.py install is deprecated setup.py develop --editable --build-directory /home/jetson/ros2_ws/build/yolov8/build --no-deps symlink_data
[10.691s] Level 1:colcon.colcon_core.shell:create_environment_hook('serial_communication', 'pythonpath_develop')
[10.693s] INFO:colcon.colcon_core.shell:Creating environment hook '/home/jetson/ros2_ws/build/serial_communication/share/serial_communication/hook/pythonpath_develop.ps1'
[10.696s] DEBUG:colcon.colcon_core.event_handler.log_command:Invoked command in '/home/jetson/ros2_ws/build/serial_communication' returned '0': PYTHONPATH=/home/jetson/ros2_ws/build/serial_communication/prefix_override:/home/jetson/ros2_ws/install/serial_communication/lib/python3.8/site-packages:${PYTHONPATH} /usr/bin/python3 -W ignore:setup.py install is deprecated setup.py develop --editable --build-directory /home/jetson/ros2_ws/build/serial_communication/build --no-deps symlink_data
[10.697s] INFO:colcon.colcon_core.shell:Creating environment descriptor '/home/jetson/ros2_ws/build/serial_communication/share/serial_communication/hook/pythonpath_develop.dsv'
[10.699s] INFO:colcon.colcon_core.shell:Creating environment hook '/home/jetson/ros2_ws/build/serial_communication/share/serial_communication/hook/pythonpath_develop.sh'
[10.713s] Level 1:colcon.colcon_core.environment:checking '/home/jetson/ros2_ws/install/serial_communication' for CMake module files
[10.715s] Level 1:colcon.colcon_core.environment:checking '/home/jetson/ros2_ws/install/serial_communication' for CMake config files
[10.718s] Level 1:colcon.colcon_core.environment:checking '/home/jetson/ros2_ws/install/serial_communication/lib'
[10.719s] Level 1:colcon.colcon_core.environment:checking '/home/jetson/ros2_ws/install/serial_communication/bin'
[10.720s] Level 1:colcon.colcon_core.environment:checking '/home/jetson/ros2_ws/install/serial_communication/lib/pkgconfig/serial_communication.pc'
[10.721s] Level 1:colcon.colcon_core.environment:checking '/home/jetson/ros2_ws/install/serial_communication/lib/python3.8/site-packages'
[10.721s] Level 1:colcon.colcon_core.shell:create_environment_hook('serial_communication', 'pythonpath')
[10.722s] INFO:colcon.colcon_core.shell:Creating environment hook '/home/jetson/ros2_ws/install/serial_communication/share/serial_communication/hook/pythonpath.ps1'
[10.724s] INFO:colcon.colcon_core.shell:Creating environment descriptor '/home/jetson/ros2_ws/install/serial_communication/share/serial_communication/hook/pythonpath.dsv'
[10.725s] INFO:colcon.colcon_core.shell:Creating environment hook '/home/jetson/ros2_ws/install/serial_communication/share/serial_communication/hook/pythonpath.sh'
[10.728s] Level 1:colcon.colcon_core.environment:checking '/home/jetson/ros2_ws/install/serial_communication/bin'
[10.728s] Level 1:colcon.colcon_core.environment:create_environment_scripts_only(serial_communication)
[10.730s] INFO:colcon.colcon_core.shell:Creating package script '/home/jetson/ros2_ws/install/serial_communication/share/serial_communication/package.ps1'
[10.734s] INFO:colcon.colcon_core.shell:Creating package descriptor '/home/jetson/ros2_ws/install/serial_communication/share/serial_communication/package.dsv'
[10.737s] INFO:colcon.colcon_core.shell:Creating package script '/home/jetson/ros2_ws/install/serial_communication/share/serial_communication/package.sh'
[10.741s] INFO:colcon.colcon_core.shell:Creating package script '/home/jetson/ros2_ws/install/serial_communication/share/serial_communication/package.bash'
[10.745s] INFO:colcon.colcon_core.shell:Creating package script '/home/jetson/ros2_ws/install/serial_communication/share/serial_communication/package.zsh'
[10.749s] Level 1:colcon.colcon_core.environment:create_file_with_runtime_dependencies(/home/jetson/ros2_ws/install/serial_communication/share/colcon-core/packages/serial_communication)
[10.752s] Level 1:colcon.colcon_core.shell:create_environment_hook('main_gui', 'pythonpath_develop')
[10.753s] INFO:colcon.colcon_core.shell:Creating environment hook '/home/jetson/ros2_ws/build/main_gui/share/main_gui/hook/pythonpath_develop.ps1'
[10.756s] INFO:colcon.colcon_core.shell:Creating environment descriptor '/home/jetson/ros2_ws/build/main_gui/share/main_gui/hook/pythonpath_develop.dsv'
[10.758s] DEBUG:colcon.colcon_core.event_handler.log_command:Invoked command in '/home/jetson/ros2_ws/build/main_gui' returned '0': PYTHONPATH=/home/jetson/ros2_ws/build/main_gui/prefix_override:/home/jetson/ros2_ws/install/main_gui/lib/python3.8/site-packages:${PYTHONPATH} /usr/bin/python3 -W ignore:setup.py install is deprecated setup.py develop --editable --build-directory /home/jetson/ros2_ws/build/main_gui/build --no-deps symlink_data
[10.759s] INFO:colcon.colcon_core.shell:Creating environment hook '/home/jetson/ros2_ws/build/main_gui/share/main_gui/hook/pythonpath_develop.sh'
[10.761s] Level 1:colcon.colcon_core.environment:checking '/home/jetson/ros2_ws/install/main_gui' for CMake module files
[10.763s] Level 1:colcon.colcon_core.environment:checking '/home/jetson/ros2_ws/install/main_gui' for CMake config files
[10.765s] Level 1:colcon.colcon_core.environment:checking '/home/jetson/ros2_ws/install/main_gui/lib'
[10.766s] Level 1:colcon.colcon_core.environment:checking '/home/jetson/ros2_ws/install/main_gui/bin'
[10.766s] Level 1:colcon.colcon_core.environment:checking '/home/jetson/ros2_ws/install/main_gui/lib/pkgconfig/main_gui.pc'
[10.767s] Level 1:colcon.colcon_core.environment:checking '/home/jetson/ros2_ws/install/main_gui/lib/python3.8/site-packages'
[10.768s] Level 1:colcon.colcon_core.shell:create_environment_hook('main_gui', 'pythonpath')
[10.769s] INFO:colcon.colcon_core.shell:Creating environment hook '/home/jetson/ros2_ws/install/main_gui/share/main_gui/hook/pythonpath.ps1'
[10.770s] INFO:colcon.colcon_core.shell:Creating environment descriptor '/home/jetson/ros2_ws/install/main_gui/share/main_gui/hook/pythonpath.dsv'
[10.772s] INFO:colcon.colcon_core.shell:Creating environment hook '/home/jetson/ros2_ws/install/main_gui/share/main_gui/hook/pythonpath.sh'
[10.774s] Level 1:colcon.colcon_core.environment:checking '/home/jetson/ros2_ws/install/main_gui/bin'
[10.774s] Level 1:colcon.colcon_core.environment:create_environment_scripts_only(main_gui)
[10.776s] INFO:colcon.colcon_core.shell:Creating package script '/home/jetson/ros2_ws/install/main_gui/share/main_gui/package.ps1'
[10.779s] INFO:colcon.colcon_core.shell:Creating package descriptor '/home/jetson/ros2_ws/install/main_gui/share/main_gui/package.dsv'
[10.781s] INFO:colcon.colcon_core.shell:Creating package script '/home/jetson/ros2_ws/install/main_gui/share/main_gui/package.sh'
[10.783s] INFO:colcon.colcon_core.shell:Creating package script '/home/jetson/ros2_ws/install/main_gui/share/main_gui/package.bash'
[10.785s] INFO:colcon.colcon_core.shell:Creating package script '/home/jetson/ros2_ws/install/main_gui/share/main_gui/package.zsh'
[10.786s] Level 1:colcon.colcon_core.environment:create_file_with_runtime_dependencies(/home/jetson/ros2_ws/install/main_gui/share/colcon-core/packages/main_gui)
[10.797s] Level 1:colcon.colcon_core.shell:create_environment_hook('yolov8', 'pythonpath_develop')
[10.799s] INFO:colcon.colcon_core.shell:Creating environment hook '/home/jetson/ros2_ws/build/yolov8/share/yolov8/hook/pythonpath_develop.ps1'
[10.801s] DEBUG:colcon.colcon_core.event_handler.log_command:Invoked command in '/home/jetson/ros2_ws/build/yolov8' returned '0': PYTHONPATH=/home/jetson/ros2_ws/build/yolov8/prefix_override:/home/jetson/ros2_ws/install/yolov8/lib/python3.8/site-packages:${PYTHONPATH} /usr/bin/python3 -W ignore:setup.py install is deprecated setup.py develop --editable --build-directory /home/jetson/ros2_ws/build/yolov8/build --no-deps symlink_data
[10.802s] INFO:colcon.colcon_core.shell:Creating environment descriptor '/home/jetson/ros2_ws/build/yolov8/share/yolov8/hook/pythonpath_develop.dsv'
[10.803s] INFO:colcon.colcon_core.shell:Creating environment hook '/home/jetson/ros2_ws/build/yolov8/share/yolov8/hook/pythonpath_develop.sh'
[10.805s] Level 1:colcon.colcon_core.environment:checking '/home/jetson/ros2_ws/install/yolov8' for CMake module files
[10.807s] Level 1:colcon.colcon_core.environment:checking '/home/jetson/ros2_ws/install/yolov8' for CMake config files
[10.809s] Level 1:colcon.colcon_core.environment:checking '/home/jetson/ros2_ws/install/yolov8/lib'
[10.809s] Level 1:colcon.colcon_core.environment:checking '/home/jetson/ros2_ws/install/yolov8/bin'
[10.810s] Level 1:colcon.colcon_core.environment:checking '/home/jetson/ros2_ws/install/yolov8/lib/pkgconfig/yolov8.pc'
[10.811s] Level 1:colcon.colcon_core.environment:checking '/home/jetson/ros2_ws/install/yolov8/lib/python3.8/site-packages'
[10.811s] Level 1:colcon.colcon_core.shell:create_environment_hook('yolov8', 'pythonpath')
[10.812s] INFO:colcon.colcon_core.shell:Creating environment hook '/home/jetson/ros2_ws/install/yolov8/share/yolov8/hook/pythonpath.ps1'
[10.813s] INFO:colcon.colcon_core.shell:Creating environment descriptor '/home/jetson/ros2_ws/install/yolov8/share/yolov8/hook/pythonpath.dsv'
[10.814s] INFO:colcon.colcon_core.shell:Creating environment hook '/home/jetson/ros2_ws/install/yolov8/share/yolov8/hook/pythonpath.sh'
[10.816s] Level 1:colcon.colcon_core.environment:checking '/home/jetson/ros2_ws/install/yolov8/bin'
[10.817s] Level 1:colcon.colcon_core.environment:create_environment_scripts_only(yolov8)
[10.818s] INFO:colcon.colcon_core.shell:Creating package script '/home/jetson/ros2_ws/install/yolov8/share/yolov8/package.ps1'
[10.820s] INFO:colcon.colcon_core.shell:Creating package descriptor '/home/jetson/ros2_ws/install/yolov8/share/yolov8/package.dsv'
[10.822s] INFO:colcon.colcon_core.shell:Creating package script '/home/jetson/ros2_ws/install/yolov8/share/yolov8/package.sh'
[10.824s] INFO:colcon.colcon_core.shell:Creating package script '/home/jetson/ros2_ws/install/yolov8/share/yolov8/package.bash'
[10.825s] INFO:colcon.colcon_core.shell:Creating package script '/home/jetson/ros2_ws/install/yolov8/share/yolov8/package.zsh'
[10.826s] Level 1:colcon.colcon_core.environment:create_file_with_runtime_dependencies(/home/jetson/ros2_ws/install/yolov8/share/colcon-core/packages/yolov8)
[10.827s] DEBUG:colcon.colcon_parallel_executor.executor.parallel:closing loop
[10.828s] DEBUG:colcon.colcon_parallel_executor.executor.parallel:loop closed
[10.828s] DEBUG:colcon.colcon_parallel_executor.executor.parallel:run_until_complete finished with '0'
[10.828s] DEBUG:colcon.colcon_core.event_reactor:joining thread
[10.849s] INFO:colcon.colcon_core.plugin_system:Skipping extension 'colcon_notification.desktop_notification.terminal_notifier': Not used on non-Darwin systems
[10.850s] INFO:colcon.colcon_core.plugin_system:Skipping extension 'colcon_notification.desktop_notification.win32': Not used on non-Windows systems
[10.850s] INFO:colcon.colcon_notification.desktop_notification:Sending desktop notification using 'notify2'
[10.885s] DEBUG:colcon.colcon_core.event_reactor:joined thread
[10.887s] INFO:colcon.colcon_core.shell:Creating prefix script '/home/jetson/ros2_ws/install/local_setup.ps1'
[10.891s] INFO:colcon.colcon_core.shell:Creating prefix util module '/home/jetson/ros2_ws/install/_local_setup_util_ps1.py'
[10.896s] INFO:colcon.colcon_core.shell:Creating prefix chain script '/home/jetson/ros2_ws/install/setup.ps1'
[10.900s] INFO:colcon.colcon_core.shell:Creating prefix script '/home/jetson/ros2_ws/install/local_setup.sh'
[10.902s] INFO:colcon.colcon_core.shell:Creating prefix util module '/home/jetson/ros2_ws/install/_local_setup_util_sh.py'
[10.904s] INFO:colcon.colcon_core.shell:Creating prefix chain script '/home/jetson/ros2_ws/install/setup.sh'
[10.908s] INFO:colcon.colcon_core.shell:Creating prefix script '/home/jetson/ros2_ws/install/local_setup.bash'
[10.910s] INFO:colcon.colcon_core.shell:Creating prefix chain script '/home/jetson/ros2_ws/install/setup.bash'
[10.913s] INFO:colcon.colcon_core.shell:Creating prefix script '/home/jetson/ros2_ws/install/local_setup.zsh'
[10.915s] INFO:colcon.colcon_core.shell:Creating prefix chain script '/home/jetson/ros2_ws/install/setup.zsh'
